<?xml version="1.0" encoding="UTF-8"?>
<testsuite xmlns:xsi="http://www.w3.org/2001/XMLSchema-instance" xsi:noNamespaceSchemaLocation="https://maven.apache.org/surefire/maven-surefire-plugin/xsd/surefire-test-report-3.0.xsd" version="3.0" name="pe.edu.pucp.softpub.db.util.CifradoTest" time="0.432" tests="2" errors="0" skipped="0" failures="0">
  <properties>
[...]
</properties>
  <testcase name="testDescifrarMD5" classname="pe.edu.pucp.softpub.db.util.CifradoTest" time="0.34">
    <system-out><![CDATA[descifrarMD5
Programacion3!
]]></system-out>
  </testcase>
  <testcase name="testCifrarMD5" classname="pe.edu.pucp.softpub.db.util.CifradoTest" time="0.005">
    <system-out><![CDATA[cifrarMD5
]]></system-out>
  </testcase>
</testsuite>