<?xml version="1.0" encoding="UTF-8" ?>
<testsuite tests="2" failures="1" name="pe.edu.pucp.softpub.db.DBManagerTest" time="0.302" errors="0" skipped="0">
  <properties>
[...]
</properties>
  <testcase classname="pe.edu.pucp.softpub.db.DBManagerTest" name="pe.edu.pucp.softpub.db.DBManagerTest.testGetConnection" time="0.302">
    <failure message="expected: not &lt;null&gt;" type="org.opentest4j.AssertionFailedError">org.opentest4j.AssertionFailedError: expected: not &lt;null&gt;
	at org.junit.jupiter.api.AssertionUtils.fail(AssertionUtils.java:39)
	at org.junit.jupiter.api.Assertions.fail(Assertions.java:109)
	at org.junit.jupiter.api.AssertNotNull.failNull(AssertNotNull.java:47)
	at org.junit.jupiter.api.AssertNotNull.assertNotNull(AssertNotNull.java:36)
	at org.junit.jupiter.api.AssertNotNull.assertNotNull(AssertNotNull.java:31)
	at org.junit.jupiter.api.Assertions.assertNotNull(Assertions.java:283)
	at pe.edu.pucp.softpub.db.DBManagerTest.testGetConnection(DBManagerTest.java:26)
</failure>
    <system-out>getConnection
</system-out>
    <system-err>Error al generar la conexión - com.mysql.cj.jdbc.exceptions.CommunicationsException: Communications link failure

The last packet sent successfully to the server was 0 milliseconds ago. The driver has not received any packets from the server.
</system-err>
  </testcase>
  <testcase classname="pe.edu.pucp.softpub.db.DBManagerTest" name="pe.edu.pucp.softpub.db.DBManagerTest.testGetInstance" time="0"/>
</testsuite>