<?xml version="1.0" encoding="UTF-8" ?>
<testsuite tests="2" failures="1" name="pe.edu.pucp.softpub.db.DBManagerTest" time="0.302" errors="0" skipped="0">
  <properties>
    <property name="java.runtime.name" value="Java(TM) SE Runtime Environment"/>
    <property name="java.vm.version" value="22.0.2+9-70"/>
    <property name="sun.boot.library.path" value="C:\Program Files\Java\jdk-22\bin"/>
    <property name="maven.multiModuleProjectDirectory" value="C:\Users\egm14\OneDrive\Desktop\Programación 3\github\1INF30\0684\sesión08 - refactorización\sin_refactorizar\SoftVenDBManager"/>
    <property name="java.vm.vendor" value="Oracle Corporation"/>
    <property name="java.vendor.url" value="https://java.oracle.com/"/>
    <property name="guice.disable.misplaced.annotation.check" value="true"/>
    <property name="path.separator" value=";"/>
    <property name="java.vm.name" value="Java HotSpot(TM) 64-Bit Server VM"/>
    <property name="sun.os.patch.level" value=""/>
    <property name="user.script" value=""/>
    <property name="user.country" value="PE"/>
    <property name="sun.java.launcher" value="SUN_STANDARD"/>
    <property name="java.vm.specification.name" value="Java Virtual Machine Specification"/>
    <property name="user.dir" value="C:\Users\egm14\OneDrive\Desktop\Programación 3\github\1INF30\0684\sesión08 - refactorización\sin_refactorizar\SoftVenDBManager"/>
    <property name="java.vm.compressedOopsMode" value="32-bit"/>
    <property name="java.runtime.version" value="22.0.2+9-70"/>
    <property name="os.arch" value="amd64"/>
    <property name="java.io.tmpdir" value="C:\Users\egm14\AppData\Local\Temp\"/>
    <property name="line.separator" value="
"/>
    <property name="java.vm.specification.vendor" value="Oracle Corporation"/>
    <property name="user.variant" value=""/>
    <property name="stderr.encoding" value="Cp1252"/>
    <property name="os.name" value="Windows 11"/>
    <property name="maven.ext.class.path" value="C:\Program Files\NetBeans-17\netbeans\java\maven-nblib\netbeans-eventspy.jar"/>
    <property name="classworlds.conf" value="C:\Program Files\NetBeans-17\netbeans\java\maven\bin\m2.conf"/>
    <property name="sun.jnu.encoding" value="Cp1252"/>
    <property name="stdout.encoding" value="Cp1252"/>
    <property name="java.library.path" value="C:\Program Files\Java\jdk-22\bin;C:\Windows\Sun\Java\bin;C:\Windows\system32;C:\Windows;C:\Program Files\Java\jdk-22\bin;C:\Windows\Microsoft.NET\Framework64\v4.0.30319;C:\Program Files (x86)\Common Files\Oracle\Java\javapath;C:\Program Files\Common Files\Oracle\Java\javapath;C:\Windows\system32;C:\Windows;C:\Windows\System32\Wbem;C:\Windows\System32\WindowsPowerShell\v1.0\;C:\Windows\System32\OpenSSH\;c:\MinGw\bin;c:\MinGW\MSYS\1.0\bin;C:\Program Files\dotnet\;C:\Program Files\Git\cmd;C:\Users\egm14\AppData\Local\Microsoft\WindowsApps;C:\Users\egm14\AppData\Local\Programs\Microsoft VS Code\bin;C:\Users\egm14\.dotnet\tools;C:\Users\egm14\AppData\Local\gitkraken\bin;C:\Users\egm14\AppData\Local\GitHubDesktop\bin;."/>
    <property name="maven.conf" value="C:\Program Files\NetBeans-17\netbeans\java\maven/conf"/>
    <property name="jdk.debug" value="release"/>
    <property name="java.class.version" value="66.0"/>
    <property name="java.specification.name" value="Java Platform API Specification"/>
    <property name="sun.management.compiler" value="HotSpot 64-Bit Tiered Compilers"/>
    <property name="os.version" value="10.0"/>
    <property name="library.jansi.path" value="C:\Program Files\NetBeans-17\netbeans\java\maven\lib\jansi-native"/>
    <property name="user.home" value="C:\Users\egm14"/>
    <property name="user.timezone" value="America/Lima"/>
    <property name="file.encoding" value="UTF-8"/>
    <property name="java.specification.version" value="22"/>
    <property name="user.name" value="egm14"/>
    <property name="java.class.path" value="C:\Program Files\NetBeans-17\netbeans\java\maven\boot\plexus-classworlds-2.6.0.jar"/>
    <property name="java.vm.specification.version" value="22"/>
    <property name="sun.arch.data.model" value="64"/>
    <property name="sun.java.command" value="org.codehaus.plexus.classworlds.launcher.Launcher -Dmaven.ext.class.path=C:\Program Files\NetBeans-17\netbeans\java\maven-nblib\netbeans-eventspy.jar --no-transfer-progress clean install"/>
    <property name="java.home" value="C:\Program Files\Java\jdk-22"/>
    <property name="user.language" value="es"/>
    <property name="java.specification.vendor" value="Oracle Corporation"/>
    <property name="java.vm.info" value="mixed mode, sharing"/>
    <property name="java.version" value="22.0.2"/>
    <property name="native.encoding" value="Cp1252"/>
    <property name="java.vendor" value="Oracle Corporation"/>
    <property name="maven.home" value="C:\Program Files\NetBeans-17\netbeans\java\maven"/>
    <property name="file.separator" value="\"/>
    <property name="java.version.date" value="2024-07-16"/>
    <property name="java.vendor.url.bug" value="https://bugreport.java.com/bugreport/"/>
    <property name="sun.io.unicode.encoding" value="UnicodeLittle"/>
    <property name="sun.cpu.endian" value="little"/>
    <property name="sun.cpu.isalist" value="amd64"/>
  </properties>
  <testcase classname="pe.edu.pucp.softpub.db.DBManagerTest" name="pe.edu.pucp.softpub.db.DBManagerTest.testGetConnection" time="0.302">
    <failure message="expected: not &lt;null&gt;" type="org.opentest4j.AssertionFailedError">org.opentest4j.AssertionFailedError: expected: not &lt;null&gt;
	at org.junit.jupiter.api.AssertionUtils.fail(AssertionUtils.java:39)
	at org.junit.jupiter.api.Assertions.fail(Assertions.java:109)
	at org.junit.jupiter.api.AssertNotNull.failNull(AssertNotNull.java:47)
	at org.junit.jupiter.api.AssertNotNull.assertNotNull(AssertNotNull.java:36)
	at org.junit.jupiter.api.AssertNotNull.assertNotNull(AssertNotNull.java:31)
	at org.junit.jupiter.api.Assertions.assertNotNull(Assertions.java:283)
	at pe.edu.pucp.softpub.db.DBManagerTest.testGetConnection(DBManagerTest.java:26)
</failure>
    <system-out>getConnection
</system-out>
    <system-err>Error al generar la conexión - com.mysql.cj.jdbc.exceptions.CommunicationsException: Communications link failure

The last packet sent successfully to the server was 0 milliseconds ago. The driver has not received any packets from the server.
</system-err>
  </testcase>
  <testcase classname="pe.edu.pucp.softpub.db.DBManagerTest" name="pe.edu.pucp.softpub.db.DBManagerTest.testGetInstance" time="0"/>
</testsuite>